<?xml version="1.0" encoding="UTF-8"?>
<!-- Generated by org.testng.reporters.JUnitReportReporter -->
<testsuite skipped="0" hostname="NIBEDITASAHOO" name="jenkintest.NewTest" tests="1" failures="0" timestamp="03 Oct 2018 12:29:59 GMT" time="0.014" errors="0">
  <testcase name="f" time="0.014" classname="jenkintest.NewTest"/>
</testsuite> <!-- jenkintest.NewTest -->
